<?xml version="1.0" encoding="UTF-8"?>
<testng-results ignored="0" total="8" passed="7" failed="1" skipped="0">
  <reporter-output>
  </reporter-output>
  <suite started-at="2025-07-05T23:57:17 IST" name="Suite" finished-at="2025-07-05T23:57:17 IST" duration-ms="224">
    <groups>
      <group name="Smoke">
        <method signature="Test1.loginPage(java.lang.String)[pri:0, instance:testPackage.Test1@765d7657]" name="loginPage" class="testPackage.Test1"/>
        <method signature="Test2.loginTest2()[pri:0, instance:testPackage.Test2@489115ef]" name="loginTest2" class="testPackage.Test2"/>
        <method signature="Test3.homeTest3()[pri:0, instance:testPackage.Test3@4d1c00d0]" name="homeTest3" class="testPackage.Test3"/>
      </group> <!-- Smoke -->
    </groups>
    <test started-at="2025-07-05T23:57:17 IST" name="Test" finished-at="2025-07-05T23:57:17 IST" duration-ms="88">
      <class name="testPackage.Test1">
        <test-method signature="homePage(java.lang.String,java.lang.String)[pri:0, instance:testPackage.Test1@765d7657]" started-at="2025-07-05T23:57:17 IST" name="homePage" data-provider="getData" finished-at="2025-07-05T23:57:17 IST" duration-ms="13" status="PASS">
          <params>
            <param index="0">
              <value>
                <![CDATA[firstuser]]>
              </value>
            </param>
            <param index="1">
              <value>
                <![CDATA[firstpass]]>
              </value>
            </param>
          </params>
          <reporter-output>
          </reporter-output>
        </test-method> <!-- homePage -->
        <test-method signature="homePage(java.lang.String,java.lang.String)[pri:0, instance:testPackage.Test1@765d7657]" started-at="2025-07-05T23:57:17 IST" name="homePage" data-provider="getData" finished-at="2025-07-05T23:57:17 IST" duration-ms="1" status="PASS">
          <params>
            <param index="0">
              <value>
                <![CDATA[seconduser]]>
              </value>
            </param>
            <param index="1">
              <value>
                <![CDATA[secondpass]]>
              </value>
            </param>
          </params>
          <reporter-output>
          </reporter-output>
        </test-method> <!-- homePage -->
        <test-method signature="homePage(java.lang.String,java.lang.String)[pri:0, instance:testPackage.Test1@765d7657]" started-at="2025-07-05T23:57:17 IST" name="homePage" data-provider="getData" finished-at="2025-07-05T23:57:17 IST" duration-ms="3" status="PASS">
          <params>
            <param index="0">
              <value>
                <![CDATA[thirduser]]>
              </value>
            </param>
            <param index="1">
              <value>
                <![CDATA[thirdpass]]>
              </value>
            </param>
          </params>
          <reporter-output>
          </reporter-output>
        </test-method> <!-- homePage -->
        <test-method signature="loginPage(java.lang.String)[pri:0, instance:testPackage.Test1@765d7657]" started-at="2025-07-05T23:57:17 IST" name="loginPage" finished-at="2025-07-05T23:57:17 IST" duration-ms="13" status="FAIL">
          <params>
            <param index="0">
              <value>
                <![CDATA[https://www.qaclickacademy.com/]]>
              </value>
            </param>
          </params>
          <exception class="java.lang.AssertionError">
            <message>
              <![CDATA[expected [true] but found [false]]]>
            </message>
            <full-stacktrace>
              <![CDATA[java.lang.AssertionError: expected [true] but found [false]
at org.testng.Assert.fail(Assert.java:111)
at org.testng.Assert.failNotEquals(Assert.java:1590)
at org.testng.Assert.assertTrue(Assert.java:57)
at org.testng.Assert.assertTrue(Assert.java:67)
at testPackage.Test1.loginPage(Test1.java:28)
at java.base/jdk.internal.reflect.DirectMethodHandleAccessor.invoke(DirectMethodHandleAccessor.java:103)
at java.base/java.lang.reflect.Method.invoke(Method.java:580)
at org.testng.internal.invokers.MethodInvocationHelper.invokeMethod(MethodInvocationHelper.java:141)
at org.testng.internal.invokers.TestInvoker.invokeMethod(TestInvoker.java:687)
at org.testng.internal.invokers.TestInvoker.invokeTestMethod(TestInvoker.java:230)
at org.testng.internal.invokers.MethodRunner.runInSequence(MethodRunner.java:63)
at org.testng.internal.invokers.TestInvoker$MethodInvocationAgent.invoke(TestInvoker.java:995)
at org.testng.internal.invokers.TestInvoker.invokeTestMethods(TestInvoker.java:203)
at org.testng.internal.invokers.TestMethodWorker.invokeTestMethods(TestMethodWorker.java:154)
at org.testng.internal.invokers.TestMethodWorker.run(TestMethodWorker.java:134)
at java.base/java.util.ArrayList.forEach(ArrayList.java:1596)
at org.testng.TestRunner.privateRun(TestRunner.java:741)
at org.testng.TestRunner.run(TestRunner.java:616)
at org.testng.SuiteRunner.runTest(SuiteRunner.java:421)
at org.testng.SuiteRunner.runSequentially(SuiteRunner.java:413)
at org.testng.SuiteRunner.privateRun(SuiteRunner.java:373)
at org.testng.SuiteRunner.run(SuiteRunner.java:312)
at org.testng.SuiteRunnerWorker.runSuite(SuiteRunnerWorker.java:52)
at org.testng.SuiteRunnerWorker.run(SuiteRunnerWorker.java:95)
at org.testng.TestNG.runSuitesSequentially(TestNG.java:1274)
at org.testng.TestNG.runSuitesLocally(TestNG.java:1208)
at org.testng.TestNG.runSuites(TestNG.java:1112)
at org.testng.TestNG.run(TestNG.java:1079)
at org.testng.remote.AbstractRemoteTestNG.run(AbstractRemoteTestNG.java:115)
at org.testng.remote.RemoteTestNG.initAndRun(RemoteTestNG.java:293)
at org.testng.remote.RemoteTestNG.main(RemoteTestNG.java:91)
]]>
            </full-stacktrace>
          </exception> <!-- java.lang.AssertionError -->
          <reporter-output>
          </reporter-output>
        </test-method> <!-- loginPage -->
      </class> <!-- testPackage.Test1 -->
    </test> <!-- Test -->
    <test started-at="2025-07-05T23:57:17 IST" name="Test2" finished-at="2025-07-05T23:57:17 IST" duration-ms="18">
      <class name="testPackage.Test2">
        <test-method is-config="true" signature="prerequisites()[pri:0, instance:testPackage.Test2@489115ef]" started-at="2025-07-05T23:57:17 IST" name="prerequisites" finished-at="2025-07-05T23:57:17 IST" duration-ms="2" status="PASS">
          <reporter-output>
          </reporter-output>
        </test-method> <!-- prerequisites -->
        <test-method signature="homeTest2()[pri:0, instance:testPackage.Test2@489115ef]" started-at="2025-07-05T23:57:17 IST" name="homeTest2" finished-at="2025-07-05T23:57:17 IST" duration-ms="2" status="PASS">
          <reporter-output>
          </reporter-output>
        </test-method> <!-- homeTest2 -->
        <test-method signature="loginTest2()[pri:0, instance:testPackage.Test2@489115ef]" started-at="2025-07-05T23:57:17 IST" name="loginTest2" finished-at="2025-07-05T23:57:17 IST" duration-ms="2" status="PASS">
          <reporter-output>
          </reporter-output>
        </test-method> <!-- loginTest2 -->
        <test-method is-config="true" signature="lastExecution()[pri:0, instance:testPackage.Test2@489115ef]" started-at="2025-07-05T23:57:17 IST" name="lastExecution" finished-at="2025-07-05T23:57:17 IST" duration-ms="2" status="PASS">
          <reporter-output>
          </reporter-output>
        </test-method> <!-- lastExecution -->
      </class> <!-- testPackage.Test2 -->
    </test> <!-- Test2 -->
    <test started-at="2025-07-05T23:57:17 IST" name="Test3" finished-at="2025-07-05T23:57:17 IST" duration-ms="11">
      <class name="testPackage.Test1">
        <test-method is-config="true" signature="afterSuite()[pri:0, instance:testPackage.Test1@765d7657]" started-at="2025-07-05T23:57:17 IST" name="afterSuite" finished-at="2025-07-05T23:57:17 IST" duration-ms="0" status="PASS">
          <reporter-output>
          </reporter-output>
        </test-method> <!-- afterSuite -->
      </class> <!-- testPackage.Test1 -->
      <class name="testPackage.Test3">
        <test-method is-config="true" signature="beforeSuite()[pri:0, instance:testPackage.Test3@4d1c00d0]" started-at="2025-07-05T23:57:17 IST" name="beforeSuite" finished-at="2025-07-05T23:57:17 IST" duration-ms="11" status="PASS">
          <reporter-output>
          </reporter-output>
        </test-method> <!-- beforeSuite -->
        <test-method signature="homeTest3()[pri:0, instance:testPackage.Test3@4d1c00d0]" started-at="2025-07-05T23:57:17 IST" name="homeTest3" finished-at="2025-07-05T23:57:17 IST" duration-ms="2" status="PASS">
          <reporter-output>
          </reporter-output>
        </test-method> <!-- homeTest3 -->
        <test-method signature="loginTest3()[pri:0, instance:testPackage.Test3@4d1c00d0]" started-at="2025-07-05T23:57:17 IST" name="loginTest3" finished-at="2025-07-05T23:57:17 IST" duration-ms="2" status="PASS">
          <reporter-output>
          </reporter-output>
        </test-method> <!-- loginTest3 -->
      </class> <!-- testPackage.Test3 -->
    </test> <!-- Test3 -->
  </suite> <!-- Suite -->
</testng-results>
